
 TRANFIT: CHEMKIN-III Transport property fitting code,
 DOUBLE PRECISION Vers. 3.11 98/03/03        
 Copyright 1995, Sandia Corporation.
 The U.S. Government retains a limited license in this software.



 CKLIB: CHEMKIN-III GAS-PHASE CHEMICAL KINETICS LIBRARY,
 DOUBLE PRECISION Vers. 5.15 98/07/30        
 Copyright 1995, Sandia Corporation.
 The U.S. Government retains a limited license in this software.



 CKLIB: CHEMKIN-III GAS-PHASE CHEMICAL KINETICS LIBRARY,
 DOUBLE PRECISION Vers. 5.15 98/07/30        
 Copyright 1995, Sandia Corporation.
 The U.S. Government retains a limited license in this software.



 DATA HAS BEEN FIT OVER THE RANGE:  TLOW=   300.00, THIGH=  3500.00



 TRANSPORT PARAMETERS FROM DATA BASE:

 AR                 0   136.500     3.330     0.000     0.000     0.000          
 CO                 1    98.100     3.650     0.000     1.950     1.800          
 CO2                1   244.000     3.763     0.000     2.650     2.100          
 HCO                2   498.000     3.590     0.000     0.000     0.000          
 HE                 0    10.200     2.576     0.000     0.000     0.000 ! *      
 H                  0   145.000     2.050     0.000     0.000     0.000          
 H2                 1    38.000     2.920     0.000     0.790   280.000          
 H2O                2   572.400     2.605     1.844     0.000     4.000          
 H2O2               2   107.400     3.458     0.000     0.000     3.800          
 HO2                2   107.400     3.458     0.000     0.000     1.000 ! *      
 N2                 1    97.530     3.621     0.000     1.760     4.000          
 O                  0    80.000     2.750     0.000     0.000     0.000          
 O2                 1   107.400     3.458     0.000     1.600     3.800          
 OH                 1    80.000     2.750     0.000     0.000     0.000          



 COEFFICIENTS FOR SPECIES CONDUCTIVITIES
 MAXIMUM FITTING ERROR =    8.460E-03
  
  H2           0.116E+02  -0.152E+01   0.272E+00  -0.103E-01
  H           -0.325E+00   0.342E+01  -0.363E+00   0.159E-01
  AR          -0.273E+01   0.327E+01  -0.345E+00   0.151E-01
  N2           0.115E+02  -0.291E+01   0.555E+00  -0.275E-01
  HE           0.702E+01   0.218E+00   0.562E-01  -0.237E-02
  O            0.197E+01   0.180E+01  -0.155E+00   0.691E-02
  OH           0.161E+02  -0.410E+01   0.663E+00  -0.298E-01
  HCO          0.171E+01  -0.171E+00   0.332E+00  -0.231E-01
  HO2          0.555E+00   0.159E+01  -0.528E-01   0.407E-03
  H2O          0.228E+02  -0.870E+01   0.149E+01  -0.741E-01
  CO           0.992E+01  -0.228E+01   0.473E+00  -0.240E-01
  O2          -0.301E+01   0.338E+01  -0.343E+00   0.151E-01
  H2O2         0.625E+00   0.143E+01   0.175E-02  -0.355E-02
  CO2         -0.124E+02   0.634E+01  -0.637E+00   0.237E-01



 COEFFICIENTS FOR SPECIES VISCOSITIES
 MAXIMUM FITTING ERROR =    2.954E-03
  
  H2          -0.138E+02   0.971E+00  -0.453E-01   0.210E-02
  H           -0.199E+02   0.342E+01  -0.363E+00   0.159E-01
  AR          -0.186E+02   0.327E+01  -0.345E+00   0.151E-01
  N2          -0.163E+02   0.225E+01  -0.214E+00   0.948E-02
  HE          -0.112E+02   0.218E+00   0.562E-01  -0.237E-02
  O           -0.148E+02   0.180E+01  -0.155E+00   0.691E-02
  OH          -0.148E+02   0.180E+01  -0.155E+00   0.691E-02
  HCO         -0.211E+02   0.328E+01  -0.253E+00   0.742E-02
  HO2         -0.168E+02   0.252E+01  -0.249E+00   0.110E-01
  H2O         -0.119E+02  -0.788E+00   0.334E+00  -0.199E-01
  CO          -0.163E+02   0.226E+01  -0.216E+00   0.955E-02
  O2          -0.168E+02   0.252E+01  -0.249E+00   0.110E-01
  H2O2        -0.168E+02   0.252E+01  -0.249E+00   0.110E-01
  CO2         -0.236E+02   0.498E+01  -0.551E+00   0.233E-01



 COEFFICIENTS FOR SPECIES DIFFUSION COEFFICIENTS
 MAXIMUM FITTING ERROR =    2.280E-03
  
  H2        H2          -0.102E+02   0.215E+01  -0.697E-01   0.323E-02
  
  H         H2          -0.117E+02   0.288E+01  -0.164E+00   0.727E-02
  H         H           -0.148E+02   0.420E+01  -0.328E+00   0.141E-01
  
  AR        H2          -0.127E+02   0.292E+01  -0.170E+00   0.758E-02
  AR        H           -0.172E+02   0.480E+01  -0.406E+00   0.175E-01
  AR        AR          -0.174E+02   0.413E+01  -0.322E+00   0.139E-01
  
  N2        H2          -0.122E+02   0.268E+01  -0.137E+00   0.613E-02
  N2        H           -0.168E+02   0.468E+01  -0.397E+00   0.174E-01
  N2        AR          -0.162E+02   0.371E+01  -0.269E+00   0.117E-01
  N2        N2          -0.152E+02   0.335E+01  -0.223E+00   0.982E-02
  
  HE        H2          -0.985E+01   0.205E+01  -0.590E-01   0.289E-02
  HE        H           -0.974E+01   0.219E+01  -0.749E-01   0.347E-02
  HE        AR          -0.108E+02   0.211E+01  -0.631E-01   0.293E-02
  HE        N2          -0.101E+02   0.182E+01  -0.230E-01   0.104E-02
  HE        HE          -0.772E+01   0.114E+01   0.723E-01  -0.332E-02
  
  O         H2          -0.106E+02   0.216E+01  -0.652E-01   0.281E-02
  O         H           -0.150E+02   0.413E+01  -0.328E+00   0.144E-01
  O         AR          -0.156E+02   0.366E+01  -0.264E+00   0.116E-01
  O         N2          -0.144E+02   0.322E+01  -0.207E+00   0.914E-02
  O         HE          -0.968E+01   0.178E+01  -0.163E-01   0.726E-03
  O         O           -0.133E+02   0.294E+01  -0.171E+00   0.755E-02
  
  OH        H2          -0.106E+02   0.216E+01  -0.652E-01   0.281E-02
  OH        H           -0.150E+02   0.414E+01  -0.328E+00   0.145E-01
  OH        AR          -0.155E+02   0.364E+01  -0.262E+00   0.115E-01
  OH        N2          -0.144E+02   0.321E+01  -0.206E+00   0.907E-02
  OH        HE          -0.969E+01   0.178E+01  -0.163E-01   0.726E-03
  OH        O           -0.133E+02   0.294E+01  -0.171E+00   0.755E-02
  OH        OH          -0.133E+02   0.294E+01  -0.171E+00   0.755E-02
  
  HCO       H2          -0.175E+02   0.469E+01  -0.395E+00   0.172E-01
  HCO       H           -0.163E+02   0.399E+01  -0.249E+00   0.860E-02
  HCO       AR          -0.206E+02   0.516E+01  -0.430E+00   0.176E-01
  HCO       N2          -0.200E+02   0.499E+01  -0.417E+00   0.174E-01
  HCO       HE          -0.130E+02   0.294E+01  -0.173E+00   0.774E-02
  HCO       O           -0.191E+02   0.484E+01  -0.400E+00   0.168E-01
  HCO       OH          -0.191E+02   0.484E+01  -0.401E+00   0.168E-01
  HCO       HCO         -0.195E+02   0.421E+01  -0.255E+00   0.806E-02
  
  HO2       H2          -0.123E+02   0.274E+01  -0.146E+00   0.650E-02
  HO2       H           -0.172E+02   0.487E+01  -0.422E+00   0.185E-01
  HO2       AR          -0.165E+02   0.381E+01  -0.281E+00   0.122E-01
  HO2       N2          -0.155E+02   0.344E+01  -0.234E+00   0.103E-01
  HO2       HE          -0.103E+02   0.190E+01  -0.333E-01   0.152E-02
  HO2       O           -0.148E+02   0.336E+01  -0.225E+00   0.995E-02
  HO2       OH          -0.148E+02   0.334E+01  -0.224E+00   0.987E-02
  HO2       HCO         -0.202E+02   0.506E+01  -0.424E+00   0.176E-01
  HO2       HO2         -0.158E+02   0.357E+01  -0.252E+00   0.110E-01
  
  H2O       H2          -0.179E+02   0.491E+01  -0.417E+00   0.179E-01
  H2O       H           -0.170E+02   0.442E+01  -0.311E+00   0.116E-01
  H2O       AR          -0.200E+02   0.503E+01  -0.406E+00   0.163E-01
  H2O       N2          -0.203E+02   0.518E+01  -0.431E+00   0.176E-01
  H2O       HE          -0.129E+02   0.301E+01  -0.181E+00   0.804E-02
  H2O       O           -0.189E+02   0.494E+01  -0.411E+00   0.172E-01
  H2O       OH          -0.190E+02   0.494E+01  -0.411E+00   0.172E-01
  H2O       HCO         -0.183E+02   0.385E+01  -0.201E+00   0.550E-02
  H2O       HO2         -0.197E+02   0.499E+01  -0.409E+00   0.167E-01
  H2O       H2O         -0.130E+02   0.143E+01   0.166E+00  -0.121E-01
  
  CO        H2          -0.122E+02   0.269E+01  -0.138E+00   0.617E-02
  CO        H           -0.168E+02   0.470E+01  -0.400E+00   0.175E-01
  CO        AR          -0.162E+02   0.372E+01  -0.270E+00   0.118E-01
  CO        N2          -0.152E+02   0.335E+01  -0.224E+00   0.985E-02
  CO        HE          -0.102E+02   0.182E+01  -0.228E-01   0.103E-02
  CO        O           -0.145E+02   0.323E+01  -0.208E+00   0.919E-02
  CO        OH          -0.145E+02   0.322E+01  -0.207E+00   0.912E-02
  CO        HCO         -0.200E+02   0.500E+01  -0.418E+00   0.175E-01
  CO        HO2         -0.155E+02   0.344E+01  -0.235E+00   0.103E-01
  CO        H2O         -0.203E+02   0.519E+01  -0.433E+00   0.177E-01
  CO        CO          -0.153E+02   0.336E+01  -0.225E+00   0.988E-02
  
  O2        H2          -0.123E+02   0.274E+01  -0.146E+00   0.650E-02
  O2        H           -0.172E+02   0.486E+01  -0.422E+00   0.185E-01
  O2        AR          -0.165E+02   0.381E+01  -0.282E+00   0.122E-01
  O2        N2          -0.154E+02   0.343E+01  -0.234E+00   0.103E-01
  O2        HE          -0.103E+02   0.190E+01  -0.333E-01   0.152E-02
  O2        O           -0.147E+02   0.335E+01  -0.225E+00   0.991E-02
  O2        OH          -0.147E+02   0.334E+01  -0.223E+00   0.983E-02
  O2        HCO         -0.202E+02   0.506E+01  -0.424E+00   0.176E-01
  O2        HO2         -0.158E+02   0.357E+01  -0.252E+00   0.110E-01
  O2        H2O         -0.204E+02   0.520E+01  -0.430E+00   0.174E-01
  O2        CO          -0.155E+02   0.344E+01  -0.235E+00   0.103E-01
  O2        O2          -0.158E+02   0.357E+01  -0.252E+00   0.110E-01
  
  H2O2      H2          -0.123E+02   0.274E+01  -0.146E+00   0.651E-02
  H2O2      H           -0.172E+02   0.487E+01  -0.423E+00   0.185E-01
  H2O2      AR          -0.165E+02   0.381E+01  -0.281E+00   0.122E-01
  H2O2      N2          -0.155E+02   0.344E+01  -0.234E+00   0.103E-01
  H2O2      HE          -0.103E+02   0.190E+01  -0.333E-01   0.152E-02
  H2O2      O           -0.148E+02   0.336E+01  -0.226E+00   0.999E-02
  H2O2      OH          -0.148E+02   0.335E+01  -0.225E+00   0.991E-02
  H2O2      HCO         -0.202E+02   0.506E+01  -0.424E+00   0.176E-01
  H2O2      HO2         -0.158E+02   0.357E+01  -0.252E+00   0.110E-01
  H2O2      H2O         -0.197E+02   0.499E+01  -0.408E+00   0.167E-01
  H2O2      CO          -0.155E+02   0.345E+01  -0.235E+00   0.103E-01
  H2O2      O2          -0.158E+02   0.357E+01  -0.252E+00   0.110E-01
  H2O2      H2O2        -0.158E+02   0.357E+01  -0.252E+00   0.110E-01
  
  CO2       H2          -0.153E+02   0.387E+01  -0.296E+00   0.131E-01
  CO2       H           -0.179E+02   0.485E+01  -0.393E+00   0.161E-01
  CO2       AR          -0.191E+02   0.467E+01  -0.384E+00   0.163E-01
  CO2       N2          -0.181E+02   0.434E+01  -0.344E+00   0.148E-01
  CO2       HE          -0.108E+02   0.204E+01  -0.496E-01   0.212E-02
  CO2       O           -0.176E+02   0.433E+01  -0.346E+00   0.150E-01
  CO2       OH          -0.176E+02   0.432E+01  -0.345E+00   0.149E-01
  CO2       HCO         -0.212E+02   0.514E+01  -0.408E+00   0.159E-01
  CO2       HO2         -0.185E+02   0.447E+01  -0.361E+00   0.155E-01
  CO2       H2O         -0.196E+02   0.454E+01  -0.310E+00   0.110E-01
  CO2       CO          -0.181E+02   0.434E+01  -0.346E+00   0.148E-01
  CO2       O2          -0.185E+02   0.447E+01  -0.361E+00   0.155E-01
  CO2       H2O2        -0.185E+02   0.447E+01  -0.361E+00   0.154E-01
  CO2       CO2         -0.207E+02   0.510E+01  -0.426E+00   0.176E-01



 COEFFICIENTS FOR THERMAL DIFFUSION RATIOS
 MAXIMUM FITTING ERROR =    1.562E-02
  
  H2        H2           0.000E+00   0.000E+00   0.000E+00   0.000E+00
  H2        H           -0.153E+00  -0.546E-04   0.293E-07  -0.487E-11
  H2        AR           0.423E+00   0.132E-03  -0.712E-07   0.120E-10
  H2        N2           0.445E+00   0.495E-04  -0.263E-07   0.490E-11
  H2        HE           0.162E+00   0.474E-04  -0.167E-07  -0.189E-11
  H2        O            0.416E+00   0.110E-04  -0.396E-08   0.114E-11
  H2        OH           0.422E+00   0.111E-04  -0.402E-08   0.116E-11
  H2        HCO          0.161E+00   0.501E-03  -0.238E-06   0.349E-10
  H2        HO2          0.444E+00   0.715E-04  -0.386E-07   0.689E-11
  H2        H2O          0.602E-01   0.562E-03  -0.255E-06   0.363E-10
  H2        CO           0.445E+00   0.507E-04  -0.270E-07   0.501E-11
  H2        O2           0.443E+00   0.712E-04  -0.385E-07   0.686E-11
  H2        H2O2         0.446E+00   0.717E-04  -0.388E-07   0.691E-11
  H2        CO2          0.326E+00   0.304E-03  -0.155E-06   0.241E-10
  
  H         H2           0.153E+00   0.546E-04  -0.293E-07   0.487E-11
  H         H            0.000E+00   0.000E+00   0.000E+00   0.000E+00
  H         AR           0.165E+00   0.561E-03  -0.266E-06   0.388E-10
  H         N2           0.241E+00   0.445E-03  -0.218E-06   0.327E-10
  H         HE           0.341E+00  -0.404E-04   0.328E-07  -0.627E-11
  H         O            0.270E+00   0.362E-03  -0.181E-06   0.275E-10
  H         OH           0.272E+00   0.364E-03  -0.182E-06   0.277E-10
  H         HCO         -0.125E+00   0.797E-03  -0.325E-06   0.433E-10
  H         HO2          0.221E+00   0.481E-03  -0.233E-06   0.347E-10
  H         H2O         -0.142E+00   0.767E-03  -0.307E-06   0.403E-10
  H         CO           0.239E+00   0.447E-03  -0.219E-06   0.328E-10
  H         O2           0.220E+00   0.480E-03  -0.233E-06   0.346E-10
  H         H2O2         0.221E+00   0.482E-03  -0.234E-06   0.348E-10
  H         CO2          0.244E-01   0.718E-03  -0.320E-06   0.449E-10
  
  HE        H2          -0.162E+00  -0.474E-04   0.167E-07   0.189E-11
  HE        H           -0.341E+00   0.404E-04  -0.328E-07   0.627E-11
  HE        AR           0.466E+00  -0.560E-04   0.466E-07  -0.914E-11
  HE        N2           0.422E+00  -0.414E-04   0.439E-07  -0.103E-10
  HE        HE           0.000E+00   0.000E+00   0.000E+00   0.000E+00
  HE        O            0.332E+00  -0.196E-04   0.302E-07  -0.845E-11
  HE        OH           0.342E+00  -0.203E-04   0.312E-07  -0.872E-11
  HE        HCO          0.357E+00   0.106E-03  -0.573E-07   0.965E-11
  HE        HO2          0.444E+00  -0.487E-04   0.470E-07  -0.104E-10
  HE        H2O          0.285E+00   0.115E-03  -0.617E-07   0.102E-10
  HE        CO           0.422E+00  -0.418E-04   0.440E-07  -0.103E-10
  HE        O2           0.440E+00  -0.484E-04   0.466E-07  -0.103E-10
  HE        H2O2         0.447E+00  -0.491E-04   0.473E-07  -0.104E-10
  HE        CO2          0.460E+00  -0.175E-04   0.143E-07  -0.204E-11

 WORKING SPACE REQUIREMENTS ARE
    INTEGER:       59
    REAL:        4270

 Total CPUtime (sec):        1.26E-02
